<testsuite name="Mocha Tests" tests="7" failures="0" errors="0" skipped="0" timestamp="Sat, 09 Sep 2023 18:25:50 GMT" time="0.003">
<testcase classname="Calculator #add" name="should add two positive numbers correctly" time="0.001"/>
<testcase classname="Calculator #add" name="should handle negative numbers correctly" time="0"/>
<testcase classname="Calculator #add" name="should handle zero correctly" time="0"/>
<testcase classname="Calculator #subtract" name="should subtract two positive numbers correctly" time="0"/>
<testcase classname="Calculator #subtract" name="should handle negative numbers correctly" time="0"/>
<testcase classname="Calculator #subtract" name="should handle zero correctly" time="0"/>
<testcase classname="Dummy Test" name="should pass this dummy test" time="0"/>
</testsuite>
